c:\users\asus\desktop\platformgl-master\platformgl\x64\debug\vc142.pdb
c:\users\asus\desktop\platformgl-master\platformgl\x64\debug\vc142.idb
c:\users\asus\desktop\platformgl-master\platformgl\x64\debug\shader.obj
c:\users\asus\desktop\platformgl-master\platformgl\x64\debug\pyramidobject.obj
c:\users\asus\desktop\platformgl-master\platformgl\x64\debug\prismobject.obj
c:\users\asus\desktop\platformgl-master\platformgl\x64\debug\positionedorientedobject.obj
c:\users\asus\desktop\platformgl-master\platformgl\x64\debug\main.obj
c:\users\asus\desktop\platformgl-master\platformgl\x64\debug\ifunctionalobject.obj
c:\users\asus\desktop\platformgl-master\platformgl\x64\debug\graphicdevice.obj
c:\users\asus\desktop\platformgl-master\platformgl\x64\debug\gameobject.obj
c:\users\asus\desktop\platformgl-master\platformgl\x64\debug\cubeobject.obj
c:\users\asus\desktop\platformgl-master\platformgl\x64\debug\camera.obj
c:\users\asus\desktop\platformgl-master\platformgl\x64\debug\glad.obj
c:\users\asus\desktop\platformgl-master\x64\debug\final.exe
c:\users\asus\desktop\platformgl-master\x64\debug\final.ilk
c:\users\asus\desktop\platformgl-master\x64\debug\final.pdb
c:\users\asus\desktop\platformgl-master\platformgl\x64\debug\final.tlog\cl.command.1.tlog
c:\users\asus\desktop\platformgl-master\platformgl\x64\debug\final.tlog\cl.read.1.tlog
c:\users\asus\desktop\platformgl-master\platformgl\x64\debug\final.tlog\cl.write.1.tlog
c:\users\asus\desktop\platformgl-master\platformgl\x64\debug\final.tlog\link.command.1.tlog
c:\users\asus\desktop\platformgl-master\platformgl\x64\debug\final.tlog\link.read.1.tlog
c:\users\asus\desktop\platformgl-master\platformgl\x64\debug\final.tlog\link.write.1.tlog
